2023-09-18 22:14:39.248  INFO 15028 --- [main] com.example.demo.SareetaApplication      : Starting SareetaApplication on DESKTOP-AE5R1DA with PID 15028 (D:\Dev\repo\project4\nd035-c4-Security-and-DevOps\starter_code\target\classes started by Nguyen Luong in D:\Dev\repo\project4\nd035-c4-Security-and-DevOps\starter_code)
2023-09-18 22:14:39.251  INFO 15028 --- [main] com.example.demo.SareetaApplication      : No active profile set, falling back to default profiles: default
2023-09-18 22:14:39.803  INFO 15028 --- [main] .s.d.r.c.RepositoryConfigurationDelegate : Bootstrapping Spring Data repositories in DEFAULT mode.
2023-09-18 22:14:39.875  INFO 15028 --- [main] .s.d.r.c.RepositoryConfigurationDelegate : Finished Spring Data repository scanning in 62ms. Found 4 repository interfaces.
2023-09-18 22:14:40.429  INFO 15028 --- [main] trationDelegate$BeanPostProcessorChecker : Bean 'org.springframework.transaction.annotation.ProxyTransactionManagementConfiguration' of type [org.springframework.transaction.annotation.ProxyTransactionManagementConfiguration$$EnhancerBySpringCGLIB$$b477fd7b] is not eligible for getting processed by all BeanPostProcessors (for example: not eligible for auto-proxying)
2023-09-18 22:14:40.925  INFO 15028 --- [main] o.s.b.w.embedded.tomcat.TomcatWebServer  : Tomcat initialized with port(s): 8080 (http)
2023-09-18 22:14:40.964  INFO 15028 --- [main] o.apache.catalina.core.StandardService   : Starting service [Tomcat]
2023-09-18 22:14:40.964  INFO 15028 --- [main] org.apache.catalina.core.StandardEngine  : Starting Servlet engine: [Apache Tomcat/9.0.19]
2023-09-18 22:14:41.125  INFO 15028 --- [main] o.a.c.c.C.[Tomcat].[localhost].[/]       : Initializing Spring embedded WebApplicationContext
2023-09-18 22:14:41.126  INFO 15028 --- [main] o.s.web.context.ContextLoader            : Root WebApplicationContext: initialization completed in 1818 ms
2023-09-18 22:14:41.329  INFO 15028 --- [main] com.zaxxer.hikari.HikariDataSource       : HikariPool-1 - Starting...
2023-09-18 22:14:41.548  INFO 15028 --- [main] com.zaxxer.hikari.HikariDataSource       : HikariPool-1 - Start completed.
2023-09-18 22:14:41.628  INFO 15028 --- [main] o.hibernate.jpa.internal.util.LogHelper  : HHH000204: Processing PersistenceUnitInfo [
	name: default
	...]
2023-09-18 22:14:41.737  INFO 15028 --- [main] org.hibernate.Version                    : HHH000412: Hibernate Core {5.3.10.Final}
2023-09-18 22:14:41.743  INFO 15028 --- [main] org.hibernate.cfg.Environment            : HHH000206: hibernate.properties not found
2023-09-18 22:14:41.920  INFO 15028 --- [main] o.hibernate.annotations.common.Version   : HCANN000001: Hibernate Commons Annotations {5.0.4.Final}
2023-09-18 22:14:42.078  INFO 15028 --- [main] org.hibernate.dialect.Dialect            : HHH000400: Using dialect: org.hibernate.dialect.H2Dialect
2023-09-18 22:14:42.868  INFO 15028 --- [main] j.LocalContainerEntityManagerFactoryBean : Initialized JPA EntityManagerFactory for persistence unit 'default'
2023-09-18 22:14:43.508  WARN 15028 --- [main] aWebConfiguration$JpaWebMvcConfiguration : spring.jpa.open-in-view is enabled by default. Therefore, database queries may be performed during view rendering. Explicitly configure spring.jpa.open-in-view to disable this warning
2023-09-18 22:14:43.598  INFO 15028 --- [main] o.s.s.web.DefaultSecurityFilterChain     : Creating filter chain: any request, [org.springframework.security.web.context.request.async.WebAsyncManagerIntegrationFilter@8ce4320, org.springframework.security.web.context.SecurityContextPersistenceFilter@32a074ed, org.springframework.security.web.header.HeaderWriterFilter@68f75a35, org.springframework.web.filter.CorsFilter@42012093, org.springframework.security.web.authentication.logout.LogoutFilter@64cdc310, com.example.demo.security.JWTAuthenticationFilter@3c538e62, com.example.demo.security.JWTAuthenticationVerficationFilter@ca0a21f, org.springframework.security.web.savedrequest.RequestCacheAwareFilter@29eaf100, org.springframework.security.web.servletapi.SecurityContextHolderAwareRequestFilter@6f69e2d8, org.springframework.security.web.authentication.AnonymousAuthenticationFilter@768d27e8, org.springframework.security.web.session.SessionManagementFilter@45017263, org.springframework.security.web.access.ExceptionTranslationFilter@197180a5, org.springframework.security.web.access.intercept.FilterSecurityInterceptor@2d758472]
2023-09-18 22:14:43.725  INFO 15028 --- [main] o.s.s.concurrent.ThreadPoolTaskExecutor  : Initializing ExecutorService 'applicationTaskExecutor'
2023-09-18 22:14:43.921  INFO 15028 --- [main] o.s.b.w.embedded.tomcat.TomcatWebServer  : Tomcat started on port(s): 8080 (http) with context path ''
2023-09-18 22:14:43.924  INFO 15028 --- [main] com.example.demo.SareetaApplication      : Started SareetaApplication in 5.06 seconds (JVM running for 5.514)
2023-09-18 22:15:12.628  INFO 15028 --- [http-nio-8080-exec-1] o.a.c.c.C.[Tomcat].[localhost].[/]       : Initializing Spring DispatcherServlet 'dispatcherServlet'
2023-09-18 22:15:12.629  INFO 15028 --- [http-nio-8080-exec-1] o.s.web.servlet.DispatcherServlet        : Initializing Servlet 'dispatcherServlet'
2023-09-18 22:15:12.636  INFO 15028 --- [http-nio-8080-exec-1] o.s.web.servlet.DispatcherServlet        : Completed initialization in 7 ms
2023-09-18 22:15:12.865  INFO 15028 --- [http-nio-8080-exec-1] c.e.demo.controllers.UserController      : create user luongnk successful.
2023-09-18 22:22:40.074  INFO 15028 --- [http-nio-8080-exec-5] c.e.demo.controllers.UserController      : create user luongnk1 successful.
2023-09-18 22:22:48.929  INFO 15028 --- [http-nio-8080-exec-2] c.e.demo.controllers.UserController      : create user luongnk2 successful.
2023-09-18 22:25:10.222 ERROR 15028 --- [http-nio-8080-exec-7] c.e.demo.controllers.UserController      : Error with user password. Cannot create user luongnk2
2023-09-18 22:25:14.515 ERROR 15028 --- [http-nio-8080-exec-4] c.e.demo.controllers.UserController      : Error with user password. Cannot create user luongnk2
2023-09-18 22:25:17.191 ERROR 15028 --- [http-nio-8080-exec-6] c.e.demo.controllers.UserController      : Error with user password. Cannot create user luongnk2
2023-09-18 22:26:21.220 ERROR 15028 --- [http-nio-8080-exec-5] c.e.demo.controllers.UserController      : Error with user password. Cannot create user luongnk3
2023-09-18 22:26:25.774  INFO 15028 --- [http-nio-8080-exec-3] c.e.demo.controllers.UserController      : create user luongnk3 successful.
2023-09-18 23:25:36.210  INFO 15028 --- [Thread-3] o.s.s.concurrent.ThreadPoolTaskExecutor  : Shutting down ExecutorService 'applicationTaskExecutor'
2023-09-18 23:25:36.216  INFO 15028 --- [Thread-3] j.LocalContainerEntityManagerFactoryBean : Closing JPA EntityManagerFactory for persistence unit 'default'
2023-09-18 23:25:36.228  INFO 15028 --- [Thread-3] com.zaxxer.hikari.HikariDataSource       : HikariPool-1 - Shutdown initiated...
2023-09-18 23:25:36.235  INFO 15028 --- [Thread-3] com.zaxxer.hikari.HikariDataSource       : HikariPool-1 - Shutdown completed.
